#
# A fatal error has been detected by the Java Runtime Environment:
#
#  EXCEPTION_ACCESS_VIOLATION (0xc0000005) at pc=0x00000000651a8756, pid=15996, tid=0x0000000000001130
#
# JRE version: Java(TM) SE Runtime Environment (8.0_172-b11) (build 1.8.0_172-b11)
# Java VM: Java HotSpot(TM) 64-Bit Server VM (25.172-b11 mixed mode windows-amd64 compressed oops)
# Problematic frame:
# V  [jvm.dll+0x148756]
#
# Failed to write core dump. Minidumps are not enabled by default on client versions of Windows
#
# If you would like to submit a bug report, please visit:
#   http://bugreport.java.com/bugreport/crash.jsp
#

---------------  T H R E A D  ---------------

Current thread (0x00000000033e5800):  JavaThread "main" [_thread_in_vm, id=4400, stack(0x0000000003150000,0x0000000003250000)]

siginfo: ExceptionCode=0xc0000005, reading address 0x0000000000000000

Registers:
RAX=0x0000000000000000, RBX=0x00000000033e5800, RCX=0x0000000000000580, RDX=0x0000000000000000
RSP=0x000000000324f1a0, RBP=0x0000000000000042, RSI=0x0000000000000000, RDI=0x00000000034e83fd
R8 =0x0000000000000042, R9 =0x00000000032d9030, R10=0x000000001c5c57f0, R11=0x000000000324f160
R12=0x0000000000000000, R13=0x000000001c5c8120, R14=0x000000000324f308, R15=0x00000000033e5800
RIP=0x00000000651a8756, EFLAGS=0x0000000000010202

Top of Stack: (sp=0x000000000324f1a0)
0x000000000324f1a0:   000000000324f1d8 0000000000000000
0x000000000324f1b0:   000000000324f200 000000006cf41800
0x000000000324f1c0:   00000000033e59f8 000000001cb17d70
0x000000000324f1d0:   00000000034e83fd 000000006cf45f68
0x000000000324f1e0:   000000001c5c8128 000000000324f200
0x000000000324f1f0:   0000000000000002 000000001e2c3f78
0x000000000324f200:   000000000324f290 000000006cf42b67
0x000000000324f210:   00000000033e59f8 0000000000000000
0x000000000324f220:   00000000033e5800 00000000032d81b0
0x000000000324f230:   00000000032dc4a0 00000000032dc4b0
0x000000000324f240:   0000000000000000 00000000000000d8
0x000000000324f250:   000000000324f280 000000001c5c8128
0x000000000324f260:   000000000324f2e0 0000000003501df0
0x000000000324f270:   00000000033e59f8 000000000324f2f0
0x000000000324f280:   0000000000000000 0000000000000000
0x000000000324f290:   00000000032dc4a0 00000000032dc4b0 

Instructions: (pc=0x00000000651a8756)
0x00000000651a8736:   a9 00 00 00 30 74 08 48 8b cb e8 8b b7 0f 00 c7
0x00000000651a8746:   83 70 02 00 00 06 00 00 00 80 3d 2b c1 6c 00 00
0x00000000651a8756:   48 8b 16 74 16 44 8b 4a 08 8b 0d d3 f0 65 00 49
0x00000000651a8766:   d3 e1 4c 03 0d c1 f0 65 00 eb 04 4c 8b 4a 08 48 


Register to memory mapping:

RAX=0x0000000000000000 is an unknown value
RBX=0x00000000033e5800 is a thread
RCX=0x0000000000000580 is an unknown value
RDX=0x0000000000000000 is an unknown value
RSP=0x000000000324f1a0 is pointing into the stack for thread: 0x00000000033e5800
RBP=0x0000000000000042 is an unknown value
RSI=0x0000000000000000 is an unknown value
RDI=0x00000000034e83fd is at code_begin+2301 in an Interpreter codelet
invoke return entry points  [0x00000000034e7b00, 0x00000000034e84e0]  2528 bytes
R8 =0x0000000000000042 is an unknown value
R9 =0x00000000032d9030 is an unknown value
R10={method} {0x000000001c5c57f8} '<init>' '(I)V' in 'ch/ntb/inf/libusb/exceptions/LibusbException'
R11=0x000000000324f160 is pointing into the stack for thread: 0x00000000033e5800
R12=0x0000000000000000 is an unknown value
R13=0x000000001c5c8120 is pointing into metadata
R14=0x000000000324f308 is pointing into the stack for thread: 0x00000000033e5800
R15=0x00000000033e5800 is a thread


Stack: [0x0000000003150000,0x0000000003250000],  sp=0x000000000324f1a0,  free space=1020k
Native frames: (J=compiled Java code, j=interpreted, Vv=VM code, C=native code)
V  [jvm.dll+0x148756]
C  [LibusbJava-1_2.dll+0x5f68]
C  [LibusbJava-1_2.dll+0x2b67]
C  0x0000000003501df0

Java frames: (J=compiled Java code, j=interpreted, Vv=VM code)
j  ch.ntb.inf.libusb.Libusb.claimInterface(Ljava/nio/ByteBuffer;I)V+0
j  ch.ntb.inf.libusb.Device.claimInterface(I)V+5
j  cn.com.hdect.rfid.printer.LibUsbJavaUtil.openDevice()V+4
j  cn.com.hdect.rfid.printer.LibUsbJavaUtil.main([Ljava/lang/String;)V+13
v  ~StubRoutines::call_stub

---------------  P R O C E S S  ---------------

Java Threads: ( => current thread )
  0x000000001e1bf800 JavaThread "Service Thread" daemon [_thread_blocked, id=11444, stack(0x000000001eb10000,0x000000001ec10000)]
  0x000000001e1b8000 JavaThread "C1 CompilerThread2" daemon [_thread_blocked, id=16808, stack(0x000000001ea10000,0x000000001eb10000)]
  0x000000001e1ae800 JavaThread "C2 CompilerThread1" daemon [_thread_blocked, id=16792, stack(0x000000001e910000,0x000000001ea10000)]
  0x000000001e168800 JavaThread "C2 CompilerThread0" daemon [_thread_blocked, id=2136, stack(0x000000001e810000,0x000000001e910000)]
  0x000000001cb8f800 JavaThread "JDWP Command Reader" daemon [_thread_in_native, id=17812, stack(0x000000001e710000,0x000000001e810000)]
  0x000000001cb8c000 JavaThread "JDWP Event Helper Thread" daemon [_thread_blocked, id=17656, stack(0x000000001e610000,0x000000001e710000)]
  0x000000001cb7a000 JavaThread "JDWP Transport Listener: dt_socket" daemon [_thread_blocked, id=15024, stack(0x000000001e510000,0x000000001e610000)]
  0x000000001cb65000 JavaThread "Attach Listener" daemon [_thread_blocked, id=14632, stack(0x000000001e410000,0x000000001e510000)]
  0x000000001cb64000 JavaThread "Signal Dispatcher" daemon [_thread_blocked, id=17180, stack(0x000000001e310000,0x000000001e410000)]
  0x000000001cb3a800 JavaThread "Finalizer" daemon [_thread_blocked, id=17240, stack(0x000000001ddb0000,0x000000001deb0000)]
  0x00000000034d5800 JavaThread "Reference Handler" daemon [_thread_blocked, id=16588, stack(0x000000001dcb0000,0x000000001ddb0000)]
=>0x00000000033e5800 JavaThread "main" [_thread_in_vm, id=4400, stack(0x0000000003150000,0x0000000003250000)]

Other Threads:
  0x000000001cb17800 VMThread [stack: 0x000000001dbb0000,0x000000001dcb0000] [id=16136]
  0x000000001e276800 WatcherThread [stack: 0x000000001ec10000,0x000000001ed10000] [id=14760]

VM state:not at safepoint (normal execution)

VM Mutex/Monitor currently owned by a thread: None

Heap:
 PSYoungGen      total 76288K, used 6558K [0x000000076b100000, 0x0000000770600000, 0x00000007c0000000)
  eden space 65536K, 10% used [0x000000076b100000,0x000000076b767ba0,0x000000076f100000)
  from space 10752K, 0% used [0x000000076fb80000,0x000000076fb80000,0x0000000770600000)
  to   space 10752K, 0% used [0x000000076f100000,0x000000076f100000,0x000000076fb80000)
 ParOldGen       total 175104K, used 0K [0x00000006c1200000, 0x00000006cbd00000, 0x000000076b100000)
  object space 175104K, 0% used [0x00000006c1200000,0x00000006c1200000,0x00000006cbd00000)
 Metaspace       used 3516K, capacity 4716K, committed 4864K, reserved 1056768K
  class space    used 379K, capacity 424K, committed 512K, reserved 1048576K

Card table byte_map: [0x00000000128a0000,0x00000000130a0000] byte_map_base: 0x000000000f297000

Marking Bits: (ParMarkBitMap*) 0x0000000065883c10
 Begin Bits: [0x00000000139f0000, 0x00000000179a8000)
 End Bits:   [0x00000000179a8000, 0x000000001b960000)

Polling page: 0x0000000001240000

CodeCache: size=245760Kb used=1286Kb max_used=1298Kb free=244473Kb
 bounds [0x00000000034e0000, 0x0000000003750000, 0x00000000124e0000]
 total_blobs=357 nmethods=105 adapters=173
 compilation: enabled

Compilation events (10 events):
Event: 15.164 Thread 0x000000001e1b8000 nmethod 102 0x000000000361f7d0 code [0x000000000361f960, 0x000000000361fda8]
Event: 15.164 Thread 0x000000001e1b8000  103       3       java.lang.ref.Finalizer::<init> (23 bytes)
Event: 15.165 Thread 0x000000001e1b8000 nmethod 103 0x000000000361ff90 code [0x0000000003620120, 0x00000000036204c8]
Event: 15.165 Thread 0x000000001e1b8000  104   !   3       java.lang.ref.ReferenceQueue::poll (28 bytes)
Event: 15.165 Thread 0x000000001e1b8000 nmethod 104 0x0000000003620610 code [0x0000000003620780, 0x0000000003620b28]
Event: 15.165 Thread 0x000000001e1b8000  105       1       java.security.ProtectionDomain::getCodeSource (5 bytes)
Event: 15.165 Thread 0x000000001e1b8000 nmethod 105 0x0000000003620c50 code [0x0000000003620da0, 0x0000000003620eb0]
Event: 15.165 Thread 0x000000001e1b8000  106       3       java.util.concurrent.ConcurrentHashMap$Node::<init> (26 bytes)
Event: 15.165 Thread 0x000000001e1b8000 nmethod 106 0x0000000003620f10 code [0x0000000003621060, 0x0000000003621270]
Event: 15.168 Thread 0x000000001e1ae800 nmethod 100% 0x0000000003624450 code [0x00000000036245a0, 0x0000000003624a78]

GC Heap History (0 events):
No events

Deoptimization events (0 events):
No events

Classes redefined (0 events):
No events

Internal exceptions (2 events):
Event: 0.059 Thread 0x00000000033e5800 Exception <a 'java/lang/NoSuchMethodError': Method sun.misc.Unsafe.defineClass(Ljava/lang/String;[BII)Ljava/lang/Class; name or signature does not match> (0x000000076b107cb0) thrown at [C:\re\workspace\8-2-build-windows-amd64-cygwin\jdk8u172\10810\hotspot
Event: 0.059 Thread 0x00000000033e5800 Exception <a 'java/lang/NoSuchMethodError': Method sun.misc.Unsafe.prefetchRead(Ljava/lang/Object;J)V name or signature does not match> (0x000000076b107f98) thrown at [C:\re\workspace\8-2-build-windows-amd64-cygwin\jdk8u172\10810\hotspot\src\share\vm\prim

Events (10 events):
Event: 15.164 loading class ch/ntb/inf/libusb/exceptions/PipeException
Event: 15.164 loading class ch/ntb/inf/libusb/exceptions/PipeException done
Event: 15.165 loading class ch/ntb/inf/libusb/exceptions/SysCallInterruptedException
Event: 15.165 loading class ch/ntb/inf/libusb/exceptions/SysCallInterruptedException done
Event: 15.165 loading class ch/ntb/inf/libusb/exceptions/NoMemoryException
Event: 15.165 loading class ch/ntb/inf/libusb/exceptions/NoMemoryException done
Event: 15.165 loading class ch/ntb/inf/libusb/exceptions/JavaReferencesNotLoadedException
Event: 15.165 loading class ch/ntb/inf/libusb/exceptions/JavaReferencesNotLoadedException done
Event: 15.166 loading class ch/ntb/inf/libusb/exceptions/JavaWrongEnvironmentException
Event: 15.166 loading class ch/ntb/inf/libusb/exceptions/JavaWrongEnvironmentException done


Dynamic libraries:
0x00007ff7d1040000 - 0x00007ff7d1077000 	D:\Program Files\Java\jdk1.8.0_172\bin\java.exe
0x00007ffa647f0000 - 0x00007ffa649e5000 	C:\WINDOWS\SYSTEM32\ntdll.dll
0x00007ffa637d0000 - 0x00007ffa6388d000 	C:\WINDOWS\System32\KERNEL32.DLL
0x00007ffa62550000 - 0x00007ffa62819000 	C:\WINDOWS\System32\KERNELBASE.dll
0x00007ffa64560000 - 0x00007ffa6460c000 	C:\WINDOWS\System32\ADVAPI32.dll
0x00007ffa63510000 - 0x00007ffa635ae000 	C:\WINDOWS\System32\msvcrt.dll
0x00007ffa64390000 - 0x00007ffa6442b000 	C:\WINDOWS\System32\sechost.dll
0x00007ffa62950000 - 0x00007ffa62a7a000 	C:\WINDOWS\System32\RPCRT4.dll
0x00007ffa640a0000 - 0x00007ffa64240000 	C:\WINDOWS\System32\USER32.dll
0x00007ffa62310000 - 0x00007ffa62332000 	C:\WINDOWS\System32\win32u.dll
0x00007ffa63890000 - 0x00007ffa638ba000 	C:\WINDOWS\System32\GDI32.dll
0x00007ffa62200000 - 0x00007ffa6230b000 	C:\WINDOWS\System32\gdi32full.dll
0x00007ffa61f20000 - 0x00007ffa61fbd000 	C:\WINDOWS\System32\msvcp_win.dll
0x00007ffa62450000 - 0x00007ffa62550000 	C:\WINDOWS\System32\ucrtbase.dll
0x00007ffa55400000 - 0x00007ffa5569a000 	C:\WINDOWS\WinSxS\amd64_microsoft.windows.common-controls_6595b64144ccf1df_6.0.19041.1110_none_60b5254171f9507e\COMCTL32.dll
0x00007ffa64060000 - 0x00007ffa64090000 	C:\WINDOWS\System32\IMM32.DLL
0x0000000065910000 - 0x00000000659e2000 	D:\Program Files\Java\jdk1.8.0_172\jre\bin\msvcr100.dll
0x0000000065060000 - 0x0000000065903000 	D:\Program Files\Java\jdk1.8.0_172\jre\bin\server\jvm.dll
0x00007ffa64550000 - 0x00007ffa64558000 	C:\WINDOWS\System32\PSAPI.DLL
0x00007ffa4e330000 - 0x00007ffa4e339000 	C:\WINDOWS\SYSTEM32\WSOCK32.dll
0x00007ffa5b160000 - 0x00007ffa5b16a000 	C:\WINDOWS\SYSTEM32\VERSION.dll
0x00007ffa59450000 - 0x00007ffa59477000 	C:\WINDOWS\SYSTEM32\WINMM.dll
0x00007ffa64740000 - 0x00007ffa647ab000 	C:\WINDOWS\System32\WS2_32.dll
0x0000000065050000 - 0x000000006505f000 	D:\Program Files\Java\jdk1.8.0_172\jre\bin\verify.dll
0x0000000065020000 - 0x0000000065049000 	D:\Program Files\Java\jdk1.8.0_172\jre\bin\java.dll
0x0000000064fc0000 - 0x0000000064ff5000 	D:\Program Files\Java\jdk1.8.0_172\jre\bin\jdwp.dll
0x0000000064fb0000 - 0x0000000064fb8000 	D:\Program Files\Java\jdk1.8.0_172\jre\bin\npt.dll
0x0000000064f80000 - 0x0000000064fa3000 	D:\Program Files\Java\jdk1.8.0_172\jre\bin\instrument.dll
0x0000000065000000 - 0x0000000065016000 	D:\Program Files\Java\jdk1.8.0_172\jre\bin\zip.dll
0x00007ffa638c0000 - 0x00007ffa63fff000 	C:\WINDOWS\System32\SHELL32.dll
0x00007ffa60010000 - 0x00007ffa607a0000 	C:\WINDOWS\SYSTEM32\windows.storage.dll
0x00007ffa63100000 - 0x00007ffa63455000 	C:\WINDOWS\System32\combase.dll
0x00007ffa617d0000 - 0x00007ffa617fc000 	C:\WINDOWS\SYSTEM32\Wldp.dll
0x00007ffa63460000 - 0x00007ffa6350e000 	C:\WINDOWS\System32\SHCORE.dll
0x00007ffa635b0000 - 0x00007ffa63605000 	C:\WINDOWS\System32\shlwapi.dll
0x00007ffa61e60000 - 0x00007ffa61e7f000 	C:\WINDOWS\SYSTEM32\profapi.dll
0x0000000064f30000 - 0x0000000064f39000 	D:\Program Files\Java\jdk1.8.0_172\jre\bin\dt_socket.dll
0x00007ffa615b0000 - 0x00007ffa6161a000 	C:\WINDOWS\system32\mswsock.dll
0x000000006cf40000 - 0x000000006cf59000 	C:\Windows\System32\LibusbJava-1_2.dll
0x0000000061440000 - 0x000000006145c000 	C:\WINDOWS\SYSTEM32\libgcc_s_seh-1.dll
0x000000006fc40000 - 0x000000006fdf3000 	C:\WINDOWS\SYSTEM32\libstdc++-6.dll
0x0000000064940000 - 0x0000000064956000 	C:\WINDOWS\SYSTEM32\libwinpthread-1.dll
0x00007ffa59790000 - 0x00007ffa597bd000 	C:\WINDOWS\SYSTEM32\libusb-1.0.dll
0x00007ffa3c560000 - 0x00007ffa3c57b000 	C:\WINDOWS\SYSTEM32\VCRUNTIME140.dll
0x00007ffa61fc0000 - 0x00007ffa6200e000 	C:\WINDOWS\System32\Cfgmgr32.dll
0x00007ffa62ae0000 - 0x00007ffa62f52000 	C:\WINDOWS\System32\SetupAPI.dll
0x00007ffa62820000 - 0x00007ffa62847000 	C:\WINDOWS\System32\bcrypt.dll
0x00007ffa39d30000 - 0x00007ffa39d3c000 	C:\WINDOWS\system32\WinUSB.dll
0x00007ffa5f6f0000 - 0x00007ffa5f70a000 	C:\WINDOWS\system32\libusbK.dll
0x00007ffa62340000 - 0x00007ffa623a0000 	C:\WINDOWS\System32\wintrust.DLL
0x00007ffa620a0000 - 0x00007ffa621ff000 	C:\WINDOWS\System32\CRYPT32.dll
0x00007ffa61bb0000 - 0x00007ffa61bc2000 	C:\WINDOWS\SYSTEM32\MSASN1.dll
0x00007ffa607a0000 - 0x00007ffa607ad000 	C:\WINDOWS\system32\hid.dll
0x00007ffa5fe10000 - 0x00007ffa5fe22000 	C:\WINDOWS\SYSTEM32\kernel.appcore.dll
0x00007ffa61bf0000 - 0x00007ffa61c24000 	C:\WINDOWS\SYSTEM32\DEVOBJ.dll
0x00007ffa4e0a0000 - 0x00007ffa4e284000 	C:\WINDOWS\SYSTEM32\dbghelp.dll
0x00007ffa62010000 - 0x00007ffa62093000 	C:\WINDOWS\System32\bcryptPrimitives.dll

VM Arguments:
jvm_args: -agentlib:jdwp=transport=dt_socket,address=127.0.0.1:51603,suspend=y,server=n -javaagent:C:\Users\Administrator\AppData\Local\JetBrains\IntelliJIdea2021.2\captureAgent\debugger-agent.jar -Dfile.encoding=UTF-8 
java_command: cn.com.hdect.rfid.printer.LibUsbJavaUtil
java_class_path (initial): D:\Program Files\Java\jdk1.8.0_172\jre\lib\charsets.jar;D:\Program Files\Java\jdk1.8.0_172\jre\lib\deploy.jar;D:\Program Files\Java\jdk1.8.0_172\jre\lib\ext\access-bridge-64.jar;D:\Program Files\Java\jdk1.8.0_172\jre\lib\ext\cldrdata.jar;D:\Program Files\Java\jdk1.8.0_172\jre\lib\ext\dnsns.jar;D:\Program Files\Java\jdk1.8.0_172\jre\lib\ext\jaccess.jar;D:\Program Files\Java\jdk1.8.0_172\jre\lib\ext\jfxrt.jar;D:\Program Files\Java\jdk1.8.0_172\jre\lib\ext\localedata.jar;D:\Program Files\Java\jdk1.8.0_172\jre\lib\ext\nashorn.jar;D:\Program Files\Java\jdk1.8.0_172\jre\lib\ext\sunec.jar;D:\Program Files\Java\jdk1.8.0_172\jre\lib\ext\sunjce_provider.jar;D:\Program Files\Java\jdk1.8.0_172\jre\lib\ext\sunmscapi.jar;D:\Program Files\Java\jdk1.8.0_172\jre\lib\ext\sunpkcs11.jar;D:\Program Files\Java\jdk1.8.0_172\jre\lib\ext\zipfs.jar;D:\Program Files\Java\jdk1.8.0_172\jre\lib\javaws.jar;D:\Program Files\Java\jdk1.8.0_172\jre\lib\jce.jar;D:\Program Files\Java\jdk1.8.0_172\jre\lib\jfr.jar;D:\Program Files\Java\jdk1.8.0_172\jre\lib\jfxswt.jar;D:\Program Files\Java\jdk1.8.0_172\jre\lib\jsse.jar;D:\Program Files\Java\jdk1.8.0_172\jre\lib\management-agent.jar;D:\Program Files\Java\jdk1.8.0_172\jre\lib\plugin.jar;D:\Program Files\Java\jdk1.8.0_172\jre\lib\resources.jar;D:\Program Files\Java\jdk1.8.0_172\jre\lib\rt.jar;E:\IdeaWorkspace\doshiba-printer\target\classes;E:\IdeaWorkspace\doshiba-printer\src\main\resources\lib\LibusbJava.jar;D:\JAVA\maven\repo\org\springframework\boot\spring-boot-starter-web\2.7.6-SNAPSHOT\spring-boot-starter-web-2.7.6-20221108.191254-22.jar;D:\JAVA\maven\repo\org\springframework\boot\spring-boot-starter\2.7.6-SNAPSHOT\spring-boot-starter-2.7.6-20221108.191254-22.jar;D:\JAVA\maven\repo\org\springframework\boot\spring-boot\2.7.6-SNAPSHOT\spring-boot-2.7.6-20221108.191254-22.jar;D:\JAVA\maven\repo\org\springframework\boot\spring-boot-autoconfigure\2.7.6-SNAPSHOT\spring-boot-autoconfigure-2.7.6-20221108.191254-22.jar;D:\JAVA\maven\
Launcher Type: SUN_STANDARD

Environment Variables:
JAVA_HOME=C:\Program Files\java\jdk-11.0.12
PATH=C:\Python310\Scripts\;C:\Python310\;C:\Program Files (x86)\Common Files\MvCodeCameraSDK\Runtime\Win64_x64;C:\Program Files (x86)\Common Files\MvCodeCameraSDK\Runtime\Win32_i86;C:\Program Files (x86)\Common Files\MVS\Runtime\Win32_i86;C:\Program Files (x86)\Common Files\MVS\Runtime\Win64_x64;C:\Program Files (x86)\Common Files\Oracle\Java\javapath;C:\Python39\Scripts\;C:\Python39\;C:\Program Files\Common Files\Oracle\Java\javapath;C:\WINDOWS\system32;C:\WINDOWS;C:\WINDOWS\System32\Wbem;C:\WINDOWS\System32\WindowsPowerShell\v1.0\;C:\WINDOWS\System32\OpenSSH\;C:\Program Files\Docker\Docker\resources\bin;C:\ProgramData\DockerDesktop\version-bin;C:\Program Files\java\jdk-11.0.12\bin;C:\Program Files\java\jdk-11.0.12\jre\bin;E:\JAVA\maven\apache-maven-3.3.9\bin;E:\JAVA\maven\apache-maven-3.3.9\bin;C:\ProgramData\chocolatey\bin;E:\JAVA\Git\Git\cmd;E:\JAVA\tomcat\apache-tomcat-7.0.34\lib;E:\JAVA\tomcat\apache-tomcat-7.0.34\bin;C:\Users\Administrator\AppData\Local\Android\Sdk\tools;C:\Users\Administrator\AppData\Local\Android\Sdk\platform-tools;E:\JAVA\vs\anzhuang\Microsoft VS Code\bin;C:\Program Files\nodejs\;C:\Program Files\nodejs\node_global\node_modules;E:\nodejs\node_global\node_modules\yarn\bin;C:\Program Files\Microsoft SQL Server\120\Tools\Binn\;C:\Program Files\Microsoft SQL Server\Client SDK\ODBC\110\Tools\Binn\;C:\Program Files (x86)\Microsoft SQL Server\120\Tools\Binn\;C:\Program Files\Microsoft SQL Server\120\DTS\Binn\;C:\Users\Administrator\AppData\Local\Microsoft\WindowsApps;C:\Program Files\JetBrains\IntelliJ IDEA 2021.2\bin;;C:\Program Files\nodejs;C:\Users\Administrator\AppData\Roaming\npm
USERNAME=Administrator
OS=Windows_NT
PROCESSOR_IDENTIFIER=Intel64 Family 6 Model 60 Stepping 3, GenuineIntel



---------------  S Y S T E M  ---------------

OS: Windows 10.0 , 64 bit Build 19041 (10.0.19041.1151)

CPU:total 4 (initial active 4) (4 cores per cpu, 1 threads per core) family 6 model 60 stepping 3, cmov, cx8, fxsr, mmx, sse, sse2, sse3, ssse3, sse4.1, sse4.2, popcnt, avx, avx2, aes, clmul, erms, lzcnt, tsc, tscinvbit, bmi1, bmi2

Memory: 4k page, physical 16699272k(2717600k free), swap 25087880k(3705620k free)

vm_info: Java HotSpot(TM) 64-Bit Server VM (25.172-b11) for windows-amd64 JRE (1.8.0_172-b11), built on Mar 28 2018 21:21:52 by "java_re" with MS VC++ 10.0 (VS2010)

time: Wed Nov 09 09:33:51 2022
elapsed time: 15 seconds (0d 0h 0m 15s)

